#
# There is insufficient memory for the Java Runtime Environment to continue.
# Native memory allocation (malloc) failed to allocate 1048576 bytes. Error detail: AllocateHeap
# Possible reasons:
#   The system is out of physical RAM or swap space
#   This process is running with CompressedOops enabled, and the Java Heap may be blocking the growth of the native heap
# Possible solutions:
#   Reduce memory load on the system
#   Increase physical memory or swap space
#   Check if swap backing store is full
#   Decrease Java heap size (-Xmx/-Xms)
#   Decrease number of Java threads
#   Decrease Java thread stack sizes (-Xss)
#   Set larger code cache with -XX:ReservedCodeCacheSize=
#   JVM is running with Unscaled Compressed Oops mode in which the Java heap is
#     placed in the first 4GB address space. The Java Heap base address is the
#     maximum limit for the native heap growth. Please use -XX:HeapBaseMinAddress
#     to set the Java Heap base and to place the Java Heap above 4GB virtual address.
# This output file may be truncated or incomplete.
#
#  Out of Memory Error (allocation.cpp:44), pid=11176, tid=1436
#
# JRE version:  (22.0.1+8) (build )
# Java VM: Java HotSpot(TM) 64-Bit Server VM (22.0.1+8-16, mixed mode, sharing, tiered, compressed oops, compressed class ptrs, g1 gc, windows-amd64)
# No core dump will be written. Minidumps are not enabled by default on client versions of Windows
#

---------------  S U M M A R Y ------------

Command Line: --enable-preview -XX:+ShowCodeDetailsInExceptionMessages bank

Host: Intel(R) Core(TM) i3-3110M CPU @ 2.40GHz, 4 cores, 5G,  Windows 10 , 64 bit Build 19041 (10.0.19041.4717)
Time: Sat Sep  7 06:04:24 2024 India Standard Time elapsed time: 0.036644 seconds (0d 0h 0m 0s)

---------------  T H R E A D  ---------------

Current thread (0x000001b8aa52b1f0):  JavaThread "Unknown thread" [_thread_in_vm, id=1436, stack(0x0000006b44600000,0x0000006b44700000) (1024K)]

Stack: [0x0000006b44600000,0x0000006b44700000]
Native frames: (J=compiled Java code, j=interpreted, Vv=VM code, C=native code)
V  [jvm.dll+0x6e2279]  (no source info available)
V  [jvm.dll+0x874e33]  (no source info available)
V  [jvm.dll+0x87725e]  (no source info available)
V  [jvm.dll+0x877933]  (no source info available)
V  [jvm.dll+0x27fd76]  (no source info available)
V  [jvm.dll+0xbe877]  (no source info available)
V  [jvm.dll+0x334fc4]  (no source info available)
V  [jvm.dll+0x32d12e]  (no source info available)
V  [jvm.dll+0x83ccdc]  (no source info available)
V  [jvm.dll+0x3c0d71]  (no source info available)
V  [jvm.dll+0x825ccc]  (no source info available)
V  [jvm.dll+0x45b8fe]  (no source info available)
V  [jvm.dll+0x45d781]  (no source info available)
C  [jli.dll+0x52a3]  (no source info available)
C  [ucrtbase.dll+0x21bb2]  (no source info available)
C  [KERNEL32.DLL+0x17374]  (no source info available)
C  [ntdll.dll+0x4cc91]  (no source info available)


---------------  P R O C E S S  ---------------

Threads class SMR info:
_java_thread_list=0x00007fffef01b1c8, length=0, elements={
}

Java Threads: ( => current thread )
Total: 0

Other Threads:
  0x000001b8ac7831b0 WorkerThread "GC Thread#0"                     [id=2056, stack(0x0000006b44700000,0x0000006b44800000) (1024K)]

[error occurred during error reporting (printing all threads), id 0xc0000005, EXCEPTION_ACCESS_VIOLATION (0xc0000005) at pc=0x00007fffee769a80]
VM state: not at safepoint (not fully initialized)

VM Mutex/Monitor currently owned by a thread:  ([mutex/lock_event])
[0x00007fffef09bcb8] Heap_lock - owner thread: 0x000001b8aa52b1f0

Heap address: 0x00000000a1800000, size: 1512 MB, Compressed Oops mode: 32-bit

CDS archive(s) mapped at: [0x0000000000000000-0x0000000000000000-0x0000000000000000), size 0, SharedBaseAddress: 0x0000000800000000, ArchiveRelocationMode: 1.
Narrow klass base: 0x0000000000000000, Narrow klass shift: 0, Narrow klass range: 0x0

GC Precious Log:
 CardTable entry size: 512
 Card Set container configuration: InlinePtr #cards 5 size 8 Array Of Cards #cards 12 size 40 Howl #buckets 4 coarsen threshold 1843 Howl Bitmap #cards 512 size 80 coarsen threshold 460 Card regions per heap region 1 cards per card region 2048

Heap:
 garbage-first heap   total reserved 1548288K, committed 0K, used 0K [0x00000000a1800000, 0x0000000100000000)
  region size 1024K, 0 young (0K), 0 survivors (0K)

[error occurred during error reporting (printing heap information), id 0xc0000005, EXCEPTION_ACCESS_VIOLATION (0xc0000005) at pc=0x00007fffeeb6e429]
GC Heap History (0 events):
No events

Dll operation events (1 events):
Event: 0.010 Loaded shared library C:\Program Files\Java\jdk-22\bin\java.dll

Deoptimization events (0 events):
No events

Classes loaded (0 events):
No events

Classes unloaded (0 events):
No events

Classes redefined (0 events):
No events

Internal exceptions (0 events):
No events

ZGC Phase Switch (0 events):
No events

VM Operations (0 events):
No events

Events (0 events):
No events


Dynamic libraries:
0x00007ff768b30000 - 0x00007ff768b40000 	C:\Program Files\Java\jdk-22\bin\java.exe
0x00007ff836d30000 - 0x00007ff836f28000 	C:\WINDOWS\SYSTEM32\ntdll.dll
0x00007ff836b70000 - 0x00007ff836c31000 	C:\WINDOWS\System32\KERNEL32.DLL
0x00007ff834690000 - 0x00007ff83498d000 	C:\WINDOWS\System32\KERNELBASE.dll
0x00007ff834c30000 - 0x00007ff834d30000 	C:\WINDOWS\System32\ucrtbase.dll
0x00007ff82eb20000 - 0x00007ff82eb3b000 	C:\Program Files\Java\jdk-22\bin\VCRUNTIME140.dll
0x00007ff8226f0000 - 0x00007ff822707000 	C:\Program Files\Java\jdk-22\bin\jli.dll
0x00007ff836c40000 - 0x00007ff836cf0000 	C:\WINDOWS\System32\ADVAPI32.dll
0x00007ff835a50000 - 0x00007ff835aee000 	C:\WINDOWS\System32\msvcrt.dll
0x00007ff836a40000 - 0x00007ff836ae0000 	C:\WINDOWS\System32\sechost.dll
0x00007ff8364f0000 - 0x00007ff836613000 	C:\WINDOWS\System32\RPCRT4.dll
0x00007ff834d30000 - 0x00007ff834d57000 	C:\WINDOWS\System32\bcrypt.dll
0x00007ff8358b0000 - 0x00007ff835a4d000 	C:\WINDOWS\System32\USER32.dll
0x00007ff834a00000 - 0x00007ff834a22000 	C:\WINDOWS\System32\win32u.dll
0x00007ff836700000 - 0x00007ff83672b000 	C:\WINDOWS\System32\GDI32.dll
0x00007ff820d70000 - 0x00007ff82100a000 	C:\WINDOWS\WinSxS\amd64_microsoft.windows.common-controls_6595b64144ccf1df_6.0.19041.4355_none_60b8b9eb71f62e16\COMCTL32.dll
0x00007ff834430000 - 0x00007ff834547000 	C:\WINDOWS\System32\gdi32full.dll
0x00007ff834a30000 - 0x00007ff834acd000 	C:\WINDOWS\System32\msvcp_win.dll
0x00007ff827940000 - 0x00007ff82794a000 	C:\WINDOWS\SYSTEM32\VERSION.dll
0x00007ff835880000 - 0x00007ff8358af000 	C:\WINDOWS\System32\IMM32.DLL
0x00007ff82eff0000 - 0x00007ff82effc000 	C:\Program Files\Java\jdk-22\bin\vcruntime140_1.dll
0x00007ff81f9f0000 - 0x00007ff81fa7e000 	C:\Program Files\Java\jdk-22\bin\msvcp140.dll
0x00007fffee430000 - 0x00007fffef177000 	C:\Program Files\Java\jdk-22\bin\server\jvm.dll
0x00007ff835af0000 - 0x00007ff835b5b000 	C:\WINDOWS\System32\WS2_32.dll
0x00007ff834230000 - 0x00007ff83427b000 	C:\WINDOWS\SYSTEM32\POWRPROF.dll
0x00007ff820c90000 - 0x00007ff820cb7000 	C:\WINDOWS\SYSTEM32\WINMM.dll
0x00007ff834160000 - 0x00007ff834172000 	C:\WINDOWS\SYSTEM32\UMPDC.dll
0x00007ff832260000 - 0x00007ff832272000 	C:\WINDOWS\SYSTEM32\kernel.appcore.dll
0x00007ff82efd0000 - 0x00007ff82efda000 	C:\Program Files\Java\jdk-22\bin\jimage.dll
0x00007ff824800000 - 0x00007ff8249e4000 	C:\WINDOWS\SYSTEM32\DBGHELP.DLL
0x00007ff823ea0000 - 0x00007ff823ed4000 	C:\WINDOWS\SYSTEM32\dbgcore.DLL
0x00007ff834600000 - 0x00007ff834682000 	C:\WINDOWS\System32\bcryptPrimitives.dll
0x00007ff82e6f0000 - 0x00007ff82e70e000 	C:\Program Files\Java\jdk-22\bin\java.dll
0x00007ff834f00000 - 0x00007ff83566f000 	C:\WINDOWS\System32\SHELL32.dll
0x00007ff834dd0000 - 0x00007ff834efb000 	C:\WINDOWS\System32\ole32.dll
0x00007ff835c20000 - 0x00007ff835f73000 	C:\WINDOWS\System32\combase.dll

dbghelp: loaded successfully - version: 4.0.5 - missing functions: none
symbol engine: initialized successfully - sym options: 0x614 - pdb path: .;C:\Program Files\Java\jdk-22\bin;C:\WINDOWS\SYSTEM32;C:\WINDOWS\WinSxS\amd64_microsoft.windows.common-controls_6595b64144ccf1df_6.0.19041.4355_none_60b8b9eb71f62e16;C:\Program Files\Java\jdk-22\bin\server

VM Arguments:
jvm_args: --enable-preview -XX:+ShowCodeDetailsInExceptionMessages 
java_command: bank
java_class_path (initial): C:\Users\Nice\AppData\Roaming\Code\User\workspaceStorage\bd0b5137b29bd9296911e6e082aeb01e\redhat.java\jdt_ws\Epreparation_54be1898\bin
Launcher Type: SUN_STANDARD

[Global flags]
     intx CICompilerCount                          = 3                                         {product} {ergonomic}
     uint ConcGCThreads                            = 1                                         {product} {ergonomic}
     uint G1ConcRefinementThreads                  = 4                                         {product} {ergonomic}
   size_t G1HeapRegionSize                         = 1048576                                   {product} {ergonomic}
   size_t InitialHeapSize                          = 100663296                                 {product} {ergonomic}
   size_t MarkStackSize                            = 4194304                                   {product} {ergonomic}
   size_t MaxHeapSize                              = 1585446912                                {product} {ergonomic}
   size_t MinHeapDeltaBytes                        = 1048576                                   {product} {ergonomic}
   size_t MinHeapSize                              = 8388608                                   {product} {ergonomic}
    uintx NonNMethodCodeHeapSize                   = 5832780                                {pd product} {ergonomic}
    uintx NonProfiledCodeHeapSize                  = 122912730                              {pd product} {ergonomic}
    uintx ProfiledCodeHeapSize                     = 122912730                              {pd product} {ergonomic}
    uintx ReservedCodeCacheSize                    = 251658240                              {pd product} {ergonomic}
     bool SegmentedCodeCache                       = true                                      {product} {ergonomic}
     bool ShowCodeDetailsInExceptionMessages       = true                                   {manageable} {command line}
   size_t SoftMaxHeapSize                          = 1585446912                             {manageable} {ergonomic}
     bool UseCompressedOops                        = true                           {product lp64_product} {ergonomic}
     bool UseG1GC                                  = true                                      {product} {ergonomic}
     bool UseLargePagesIndividualAllocation        = false                                  {pd product} {ergonomic}

Logging:
Log output configuration:
 #0: stdout all=warning uptime,level,tags foldmultilines=false
 #1: stderr all=off uptime,level,tags foldmultilines=false

Environment Variables:
PATH=C:\Program Files\Common Files\Oracle\Java\javapath;C:\WINDOWS\system32;C:\WINDOWS;C:\WINDOWS\System32\Wbem;C:\WINDOWS\System32\WindowsPowerShell\v1.0\;C:\WINDOWS\System32\OpenSSH\;C:\Users\Nice\Downloads\apache-maven-3.9.8\bin;F:\Git\cmd;C:\Program Files\MySQL\MySQL Shell 8.0\bin\;C:\Users\Nice\AppData\Local\Microsoft\WindowsApps;C:\Users\Nice\AppData\Local\Programs\Microsoft VS Code\bin;
USERNAME=Nice
LANG=en_US.UTF-8
OS=Windows_NT
PROCESSOR_IDENTIFIER=Intel64 Family 6 Model 58 Stepping 9, GenuineIntel
TMP=C:\Users\Nice\AppData\Local\Temp
TEMP=C:\Users\Nice\AppData\Local\Temp




Periodic native trim disabled

---------------  S Y S T E M  ---------------

OS:
 Windows 10 , 64 bit Build 19041 (10.0.19041.4717)
OS uptime: 2 days 14:05 hours

CPU: total 4 (initial active 4) (2 cores per cpu, 2 threads per core) family 6 model 58 stepping 9 microcode 0x21, cx8, cmov, fxsr, ht, mmx, sse, sse2, sse3, ssse3, sse4.1, sse4.2, popcnt, tsc, tscinvbit, avx, erms, clmul, vzeroupper, clflush, rdtscp, f16c
Processor Information for all 4 processors :
  Max Mhz: 2400, Current Mhz: 1200, Mhz Limit: 2400

Memory: 4k page, system-wide physical 6044M (956M free)
TotalPageFile size 6044M (AvailPageFile size 4M)
current process WorkingSet (physical memory assigned to process): 11M, peak: 11M
current process commit charge ("private bytes"): 50M, peak: 50M

vm_info: Java HotSpot(TM) 64-Bit Server VM (22.0.1+8-16) for windows-amd64 JRE (22.0.1+8-16), built on 2024-03-12T10:33:16Z by "mach5one" with MS VC++ 17.6 (VS2022)

END.
