#
# There is insufficient memory for the Java Runtime Environment to continue.
# Native memory allocation (mmap) failed to map 65536 bytes. Error detail: Failed to commit metaspace.
# Possible reasons:
#   The system is out of physical RAM or swap space
#   This process is running with CompressedOops enabled, and the Java Heap may be blocking the growth of the native heap
# Possible solutions:
#   Reduce memory load on the system
#   Increase physical memory or swap space
#   Check if swap backing store is full
#   Decrease Java heap size (-Xmx/-Xms)
#   Decrease number of Java threads
#   Decrease Java thread stack sizes (-Xss)
#   Set larger code cache with -XX:ReservedCodeCacheSize=
#   JVM is running with Unscaled Compressed Oops mode in which the Java heap is
#     placed in the first 4GB address space. The Java Heap base address is the
#     maximum limit for the native heap growth. Please use -XX:HeapBaseMinAddress
#     to set the Java Heap base and to place the Java Heap above 4GB virtual address.
# This output file may be truncated or incomplete.
#
#  Out of Memory Error (virtualSpaceNode.cpp:110), pid=11180, tid=796
#
# JRE version: OpenJDK Runtime Environment Temurin-17.0.12+7 (17.0.12+7) (build 17.0.12+7)
# Java VM: OpenJDK 64-Bit Server VM Temurin-17.0.12+7 (17.0.12+7, mixed mode, tiered, compressed oops, compressed class ptrs, parallel gc, windows-amd64)
# No core dump will be written. Minidumps are not enabled by default on client versions of Windows
#

---------------  S U M M A R Y ------------

Command Line: --add-modules=ALL-SYSTEM --add-opens=java.base/java.util=ALL-UNNAMED --add-opens=java.base/java.lang=ALL-UNNAMED --add-opens=java.base/sun.nio.fs=ALL-UNNAMED -Declipse.application=org.eclipse.jdt.ls.core.id1 -Dosgi.bundles.defaultStartLevel=4 -Declipse.product=org.eclipse.jdt.ls.core.product -Djava.import.generatesMetadataFilesAtProjectRoot=false -DDetectVMInstallationsJob.disabled=true -Dfile.encoding=utf8 -XX:+UseParallelGC -XX:GCTimeRatio=4 -XX:AdaptiveSizePolicyWeight=90 -Dsun.zip.disableMemoryMapping=true -Xmx1G -Xms100m -Xlog:disable -javaagent:c:\Users\Nice\.vscode\extensions\redhat.java-1.35.2024090508-win32-x64\lombok\lombok-1.18.33.jar c:\Users\Nice\.vscode\extensions\redhat.java-1.35.2024090508-win32-x64\server\plugins\org.eclipse.equinox.launcher_1.6.900.v20240613-2009.jar -configuration c:\Users\Nice\AppData\Roaming\Code\User\globalStorage\redhat.java\1.35.2024090508\config_ss_win -data c:\Users\Nice\AppData\Roaming\Code\User\workspaceStorage\bd0b5137b29bd9296911e6e082aeb01e\redhat.java\ss_ws --pipe=\\.\pipe\lsp-95e1ca7f066ac1dd754ab47126843c72-sock

Host: Intel(R) Core(TM) i3-3110M CPU @ 2.40GHz, 4 cores, 5G,  Windows 10 , 64 bit Build 19041 (10.0.19041.4717)
Time: Sat Sep  7 06:05:11 2024 India Standard Time elapsed time: 8.362918 seconds (0d 0h 0m 8s)

---------------  T H R E A D  ---------------

Current thread (0x00000251b5ce24f0):  JavaThread "Start Level: Equinox Container: 20b07915-7fab-40b2-bf36-5e1ebe658616" daemon [_thread_in_vm, id=796, stack(0x000000c271000000,0x000000c271100000)]

Stack: [0x000000c271000000,0x000000c271100000]
Native frames: (J=compiled Java code, j=interpreted, Vv=VM code, C=native code)
V  [jvm.dll+0x67f929]
V  [jvm.dll+0x8371ba]
V  [jvm.dll+0x838c7e]
V  [jvm.dll+0x8392e3]
V  [jvm.dll+0x24834f]
V  [jvm.dll+0x832e6d]
V  [jvm.dll+0x623e9e]
V  [jvm.dll+0x623f0a]
V  [jvm.dll+0x626724]
V  [jvm.dll+0x624846]
V  [jvm.dll+0x245bec]
V  [jvm.dll+0x6d5dad]
V  [jvm.dll+0x6d67ef]
V  [jvm.dll+0x374364]
V  [jvm.dll+0x3733e4]
V  [jvm.dll+0x373388]
V  [jvm.dll+0x418cb5]
C  [java.dll+0x13e9]

Java frames: (J=compiled Java code, j=interpreted, Vv=VM code)
j  java.lang.Class.forName0(Ljava/lang/String;ZLjava/lang/ClassLoader;Ljava/lang/Class;)Ljava/lang/Class;+0 java.base@17.0.12
j  java.lang.Class.forName(Ljava/lang/String;)Ljava/lang/Class;+11 java.base@17.0.12
j  sun.util.locale.provider.LocaleProviderAdapter.forType(Lsun/util/locale/provider/LocaleProviderAdapter$Type;)Lsun/util/locale/provider/LocaleProviderAdapter;+65 java.base@17.0.12
j  sun.util.locale.provider.LocaleProviderAdapter.findAdapter(Ljava/lang/Class;Ljava/util/Locale;)Lsun/util/locale/provider/LocaleProviderAdapter;+29 java.base@17.0.12
j  sun.util.locale.provider.LocaleProviderAdapter.getAdapter(Ljava/lang/Class;Ljava/util/Locale;)Lsun/util/locale/provider/LocaleProviderAdapter;+55 java.base@17.0.12
j  java.text.DateFormat.get(IIILjava/util/Locale;)Ljava/text/DateFormat;+91 java.base@17.0.12
j  java.text.DateFormat.getDateTimeInstance(II)Ljava/text/DateFormat;+9 java.base@17.0.12
j  org.eclipse.jdt.ls.core.internal.handlers.LogHandler.install()V+3
j  org.eclipse.jdt.ls.core.internal.JavaLanguageServerPlugin.start(Lorg/osgi/framework/BundleContext;)V+32
j  org.eclipse.osgi.internal.framework.BundleContextImpl$2.run()Ljava/lang/Void;+23
j  org.eclipse.osgi.internal.framework.BundleContextImpl$2.run()Ljava/lang/Object;+1
J 891 c1 java.security.AccessController.executePrivileged(Ljava/security/PrivilegedExceptionAction;Ljava/security/AccessControlContext;Ljava/lang/Class;)Ljava/lang/Object; java.base@17.0.12 (65 bytes) @ 0x000002519e76cb34 [0x000002519e76c9e0+0x0000000000000154]
j  java.security.AccessController.doPrivileged(Ljava/security/PrivilegedExceptionAction;)Ljava/lang/Object;+9 java.base@17.0.12
j  org.eclipse.osgi.internal.framework.BundleContextImpl.startActivator(Lorg/osgi/framework/BundleActivator;)V+9
j  org.eclipse.osgi.internal.framework.BundleContextImpl.start()V+134
j  org.eclipse.osgi.internal.framework.EquinoxBundle.startWorker0()V+35
j  org.eclipse.osgi.internal.framework.EquinoxBundle$EquinoxModule.startWorker()V+4
j  org.eclipse.osgi.container.Module.doStart([Lorg/eclipse/osgi/container/Module$StartOptions;)Lorg/eclipse/osgi/container/ModuleContainerAdaptor$ModuleEvent;+190
j  org.eclipse.osgi.container.Module.start([Lorg/eclipse/osgi/container/Module$StartOptions;)V+460
j  org.eclipse.osgi.container.ModuleContainer$ContainerStartLevel$2.run()V+71
j  org.eclipse.osgi.internal.framework.EquinoxContainerAdaptor$1$1.execute(Ljava/lang/Runnable;)V+1
j  org.eclipse.osgi.container.ModuleContainer$ContainerStartLevel.incStartLevel(ILjava/util/List;Z)V+193
j  org.eclipse.osgi.container.ModuleContainer$ContainerStartLevel.incStartLevel(ILjava/util/List;Ljava/util/List;Ljava/util/List;Ljava/util/List;)V+19
j  org.eclipse.osgi.container.ModuleContainer$ContainerStartLevel.doContainerStartLevel(Lorg/eclipse/osgi/container/Module;I[Lorg/osgi/framework/FrameworkListener;)V+349
j  org.eclipse.osgi.container.ModuleContainer$ContainerStartLevel.dispatchEvent(Lorg/eclipse/osgi/container/Module;[Lorg/osgi/framework/FrameworkListener;ILjava/lang/Integer;)V+32
j  org.eclipse.osgi.container.ModuleContainer$ContainerStartLevel.dispatchEvent(Ljava/lang/Object;Ljava/lang/Object;ILjava/lang/Object;)V+15
j  org.eclipse.osgi.framework.eventmgr.EventManager.dispatchEvent(Ljava/util/Set;Lorg/eclipse/osgi/framework/eventmgr/EventDispatcher;ILjava/lang/Object;)V+48
j  org.eclipse.osgi.framework.eventmgr.EventManager$EventThread.run()V+26
v  ~StubRoutines::call_stub

Compiled method (c1)    8513  891       3       java.security.AccessController::executePrivileged (65 bytes)
 total in heap  [0x000002519e76c810,0x000002519e76cdf8] = 1512
 relocation     [0x000002519e76c968,0x000002519e76c9c8] = 96
 main code      [0x000002519e76c9e0,0x000002519e76cc80] = 672
 stub code      [0x000002519e76cc80,0x000002519e76ccd8] = 88
 metadata       [0x000002519e76ccd8,0x000002519e76cce8] = 16
 scopes data    [0x000002519e76cce8,0x000002519e76cd60] = 120
 scopes pcs     [0x000002519e76cd60,0x000002519e76cde0] = 128
 dependencies   [0x000002519e76cde0,0x000002519e76cde8] = 8
 nul chk table  [0x000002519e76cde8,0x000002519e76cdf8] = 16

[Constant Pool (empty)]

[MachCode]
[Verified Entry Point]
  # {method} {0x00000251b0030fe0} 'executePrivileged' '(Ljava/security/PrivilegedExceptionAction;Ljava/security/AccessControlContext;Ljava/lang/Class;)Ljava/lang/Object;' in 'java/security/AccessController'
  # parm0:    rdx:rdx   = 'java/security/PrivilegedExceptionAction'
  # parm1:    r8:r8     = 'java/security/AccessControlContext'
  # parm2:    r9:r9     = 'java/lang/Class'
  #           [sp+0x50]  (sp of caller)
  0x000002519e76c9e0: 8984 2400 | 90ff ff55 | 4883 ec40 | 4c89 4424 

  0x000002519e76c9f0: ;   {metadata(method data for {method} {0x00000251b0030fe0} 'executePrivileged' '(Ljava/security/PrivilegedExceptionAction;Ljava/security/AccessControlContext;Ljava/lang/Class;)Ljava/lang/Object;' in 'java/security/AccessController')}
  0x000002519e76c9f0: 3048 be60 | 2e9b b051 | 0200 008b | becc 0000 | 0083 c702 | 89be cc00 | 0000 81e7 | fe07 0000 
  0x000002519e76ca10: 83ff 000f | 84b7 0100 | 0049 83f8 

  0x000002519e76ca1c: ;   {metadata(method data for {method} {0x00000251b0030fe0} 'executePrivileged' '(Ljava/security/PrivilegedExceptionAction;Ljava/security/AccessControlContext;Ljava/lang/Class;)Ljava/lang/Object;' in 'java/security/AccessController')}
  0x000002519e76ca1c: 0048 be60 | 2e9b b051 | 0200 0048 | bf10 0100 | 0000 0000 | 000f 840a | 0000 0048 | bf20 0100 
  0x000002519e76ca3c: 0000 0000 | 0048 8b1c | 3e48 8d5b | 0148 891c | 3e4c 894c | 2428 4889 | 5424 200f | 841f 0000 
  0x000002519e76ca5c: ;   {metadata(method data for {method} {0x00000251b0030fe0} 'executePrivileged' '(Ljava/security/PrivilegedExceptionAction;Ljava/security/AccessControlContext;Ljava/lang/Class;)Ljava/lang/Object;' in 'java/security/AccessController')}
  0x000002519e76ca5c: 0048 be60 | 2e9b b051 | 0200 0048 | 8386 3001 | 0000 0149 | 8bd0 0f1f 

  0x000002519e76ca74: ;   {static_call}
  0x000002519e76ca74: 4400 00e8 

  0x000002519e76ca78: ; ImmutableOopMap {[32]=Oop [40]=Oop [48]=Oop }
                      ;*invokestatic ensureMaterializedForStackWalk {reexecute=0 rethrow=0 return_oop=0}
                      ; - java.security.AccessController::executePrivileged@5
  0x000002519e76ca78: bc54 9d07 

  0x000002519e76ca7c: ;   {metadata(method data for {method} {0x00000251b0030fe0} 'executePrivileged' '(Ljava/security/PrivilegedExceptionAction;Ljava/security/AccessControlContext;Ljava/lang/Class;)Ljava/lang/Object;' in 'java/security/AccessController')}
  0x000002519e76ca7c: 48ba 602e | 9bb0 5102 | 0000 ff82 | 4001 0000 | 488b 5424 | 2048 3b02 

  0x000002519e76ca94: ;   {metadata(method data for {method} {0x00000251b0030fe0} 'executePrivileged' '(Ljava/security/PrivilegedExceptionAction;Ljava/security/AccessControlContext;Ljava/lang/Class;)Ljava/lang/Object;' in 'java/security/AccessController')}
  0x000002519e76ca94: 488b f248 | bf60 2e9b | b051 0200 | 008b 7608 | 48c1 e603 | 483b b7b0 | 0100 0075 | 0d48 8387 
  0x000002519e76cab4: b801 0000 | 01e9 6600 | 0000 483b | b7c0 0100 | 0075 0d48 | 8387 c801 | 0000 01e9 | 5000 0000 
  0x000002519e76cad4: 4881 bfb0 | 0100 0000 | 0000 0075 | 1748 89b7 | b001 0000 | 48c7 87b8 | 0100 0001 | 0000 00e9 
  0x000002519e76caf4: 2c00 0000 | 4881 bfc0 | 0100 0000 | 0000 0075 | 1748 89b7 | c001 0000 | 48c7 87c8 | 0100 0001 
  0x000002519e76cb14: 0000 00e9 | 0800 0000 | 4883 87a0 | 0100 0001 | 9048 b8e0 | 2972 b551 

  0x000002519e76cb2c: ;   {virtual_call}
  0x000002519e76cb2c: 0200 00e8 

  0x000002519e76cb30: ; ImmutableOopMap {[40]=Oop [48]=Oop }
                      ;*invokeinterface run {reexecute=0 rethrow=0 return_oop=0}
                      ; - java.security.AccessController::executePrivileged@29
  0x000002519e76cb30: 5403 4b07 

  0x000002519e76cb34: ;   {metadata(method data for {method} {0x00000251b0030fe0} 'executePrivileged' '(Ljava/security/PrivilegedExceptionAction;Ljava/security/AccessControlContext;Ljava/lang/Class;)Ljava/lang/Object;' in 'java/security/AccessController')}
  0x000002519e76cb34: 48be 602e | 9bb0 5102 | 0000 ff86 | d801 0000 | 4c8b 4c24 

  0x000002519e76cb48: ;   {metadata(method data for {method} {0x00000251b0030fe0} 'executePrivileged' '(Ljava/security/PrivilegedExceptionAction;Ljava/security/AccessControlContext;Ljava/lang/Class;)Ljava/lang/Object;' in 'java/security/AccessController')}
  0x000002519e76cb48: 2848 be60 | 2e9b b051 | 0200 0048 | 8386 3802 

  0x000002519e76cb58: ;   {metadata(method data for {method} {0x00000251b0035da0} 'reachabilityFence' '(Ljava/lang/Object;)V' in 'java/lang/ref/Reference')}
  0x000002519e76cb58: 0000 0148 | be88 635e | b051 0200 | 008b becc | 0000 0083 | c702 89be | cc00 0000 | 81e7 feff 
  0x000002519e76cb78: 1f00 83ff | 000f 8473 

  0x000002519e76cb80: ;   {metadata(method data for {method} {0x00000251b0030fe0} 'executePrivileged' '(Ljava/security/PrivilegedExceptionAction;Ljava/security/AccessControlContext;Ljava/lang/Class;)Ljava/lang/Object;' in 'java/security/AccessController')}
  0x000002519e76cb80: 0000 0048 | be60 2e9b | b051 0200 | 0048 8386 | 4802 0000 

  0x000002519e76cb94: ;   {metadata(method data for {method} {0x00000251b0035da0} 'reachabilityFence' '(Ljava/lang/Object;)V' in 'java/lang/ref/Reference')}
  0x000002519e76cb94: 0148 be88 | 635e b051 | 0200 008b | becc 0000 | 0083 c702 | 89be cc00 | 0000 81e7 | feff 1f00 
  0x000002519e76cbb4: 83ff 000f | 845a 0000 | 0048 83c4 

  0x000002519e76cbc0: ;   {poll_return}
  0x000002519e76cbc0: 405d 493b | a750 0300 | 000f 8766 | 0000 00c3 

  0x000002519e76cbd0: ;   {metadata({method} {0x00000251b0030fe0} 'executePrivileged' '(Ljava/security/PrivilegedExceptionAction;Ljava/security/AccessControlContext;Ljava/lang/Class;)Ljava/lang/Object;' in 'java/security/AccessController')}
  0x000002519e76cbd0: 49ba d80f | 03b0 5102 | 0000 4c89 | 5424 0848 | c704 24ff 

  0x000002519e76cbe4: ;   {runtime_call counter_overflow Runtime1 stub}
  0x000002519e76cbe4: ffff ffe8 

  0x000002519e76cbe8: ; ImmutableOopMap {rdx=Oop r8=Oop [48]=Oop r9=Oop }
                      ;*synchronization entry
                      ; - java.security.AccessController::executePrivileged@-1
  0x000002519e76cbe8: 14d8 4a07 | e928 feff 

  0x000002519e76cbf0: ;   {runtime_call throw_null_pointer_exception Runtime1 stub}
  0x000002519e76cbf0: ffe8 aaa7 

  0x000002519e76cbf4: ; ImmutableOopMap {[40]=Oop rdx=Oop [48]=Oop }
                      ;*invokeinterface run {reexecute=0 rethrow=0 return_oop=0}
                      ; - java.security.AccessController::executePrivileged@29
                      ;   {metadata({method} {0x00000251b0035da0} 'reachabilityFence' '(Ljava/lang/Object;)V' in 'java/lang/ref/Reference')}
  0x000002519e76cbf4: 4107 49ba | 985d 03b0 | 5102 0000 | 4c89 5424 | 0848 c704 | 24ff ffff 

  0x000002519e76cc0c: ;   {runtime_call counter_overflow Runtime1 stub}
  0x000002519e76cc0c: ffe8 eed7 

  0x000002519e76cc10: ; ImmutableOopMap {rax=Oop r9=Oop }
                      ;*synchronization entry
                      ; - java.lang.ref.Reference::reachabilityFence@-1
                      ; - java.security.AccessController::executePrivileged@56
  0x000002519e76cc10: 4a07 e96c 

  0x000002519e76cc14: ;   {metadata({method} {0x00000251b0035da0} 'reachabilityFence' '(Ljava/lang/Object;)V' in 'java/lang/ref/Reference')}
  0x000002519e76cc14: ffff ff49 | ba98 5d03 | b051 0200 | 004c 8954 | 2408 48c7 | 0424 ffff 

  0x000002519e76cc2c: ;   {runtime_call counter_overflow Runtime1 stub}
  0x000002519e76cc2c: ffff e8cd 

  0x000002519e76cc30: ; ImmutableOopMap {rax=Oop }
                      ;*synchronization entry
                      ; - java.lang.ref.Reference::reachabilityFence@-1
                      ; - java.security.AccessController::executePrivileged@60
  0x000002519e76cc30: d74a 07eb 

  0x000002519e76cc34: ;   {internal_word}
  0x000002519e76cc34: 8849 bac2 | cb76 9e51 | 0200 004d | 8997 6803 

  0x000002519e76cc44: ;   {runtime_call SafepointBlob}
  0x000002519e76cc44: 0000 e9b5 | aa40 0790 | 9049 8b87 | e003 0000 | 49c7 87e0 | 0300 0000 | 0000 0049 | c787 e803 
  0x000002519e76cc64: 0000 0000 | 0000 4883 

  0x000002519e76cc6c: ;   {runtime_call unwind_exception Runtime1 stub}
  0x000002519e76cc6c: c440 5de9 | 0cb6 4107 | f4f4 f4f4 | f4f4 f4f4 | f4f4 f4f4 
[Stub Code]
  0x000002519e76cc80: ;   {no_reloc}
  0x000002519e76cc80: 0f1f 4400 

  0x000002519e76cc84: ;   {static_stub}
  0x000002519e76cc84: 0048 bb50 | 0d03 b051 

  0x000002519e76cc8c: ;   {runtime_call I2C/C2I adapters}
  0x000002519e76cc8c: 0200 00e9 | bc8d 4007 

  0x000002519e76cc94: ;   {static_stub}
  0x000002519e76cc94: 9048 bb00 | 0000 0000 

  0x000002519e76cc9c: ;   {runtime_call}
  0x000002519e76cc9c: 0000 00e9 | fbff ffff 
[Exception Handler]
  0x000002519e76cca4: ;   {runtime_call handle_exception_from_callee Runtime1 stub}
  0x000002519e76cca4: e8d7 8841 

  0x000002519e76cca8: ;   {external_word}
  0x000002519e76cca8: 0748 b930 | ca20 e6ff | 7f00 0048 

  0x000002519e76ccb4: ;   {runtime_call}
  0x000002519e76ccb4: 83e4 f049 | ba70 4ce9 | e5ff 7f00 | 0041 ffd2 

  0x000002519e76ccc4: ;   {section_word}
  0x000002519e76ccc4: f449 bac5 | cc76 9e51 | 0200 0041 

  0x000002519e76ccd0: ;   {runtime_call DeoptimizationBlob}
  0x000002519e76ccd0: 52e9 ca9c | 4007 f4f4 
[/MachCode]


---------------  P R O C E S S  ---------------

Threads class SMR info:
_java_thread_list=0x00000251b7f6e9c0, length=24, elements={
0x000002519a179440, 0x00000251aff0c730, 0x00000251aff0ef70, 0x00000251aff37680,
0x00000251aff38210, 0x00000251aff38da0, 0x00000251aff3a680, 0x00000251aff3b280,
0x00000251b5140f60, 0x00000251b5143c30, 0x000002519a237d10, 0x00000251b54395c0,
0x00000251b5b24330, 0x00000251b5ce2010, 0x00000251b5ce24f0, 0x00000251b5b224c0,
0x00000251b5a8c8c0, 0x00000251b60baa90, 0x00000251b60bc3e0, 0x00000251b60bd820,
0x00000251b60bc8f0, 0x00000251b60bce00, 0x00000251b74be240, 0x00000251b60bd310
}

Java Threads: ( => current thread )
  0x000002519a179440 JavaThread "main" [_thread_blocked, id=7956, stack(0x000000c26fb00000,0x000000c26fc00000)]
  0x00000251aff0c730 JavaThread "Reference Handler" daemon [_thread_blocked, id=8048, stack(0x000000c26fe00000,0x000000c26ff00000)]
  0x00000251aff0ef70 JavaThread "Finalizer" daemon [_thread_blocked, id=4536, stack(0x000000c26ff00000,0x000000c270000000)]
  0x00000251aff37680 JavaThread "Signal Dispatcher" daemon [_thread_blocked, id=2476, stack(0x000000c270000000,0x000000c270100000)]
  0x00000251aff38210 JavaThread "Attach Listener" daemon [_thread_blocked, id=5892, stack(0x000000c270100000,0x000000c270200000)]
  0x00000251aff38da0 JavaThread "Service Thread" daemon [_thread_blocked, id=6884, stack(0x000000c270200000,0x000000c270300000)]
  0x00000251aff3a680 JavaThread "Monitor Deflation Thread" daemon [_thread_blocked, id=6272, stack(0x000000c270300000,0x000000c270400000)]
  0x00000251aff3b280 JavaThread "C2 CompilerThread0" daemon [_thread_in_native, id=5076, stack(0x000000c270400000,0x000000c270500000)]
  0x00000251b5140f60 JavaThread "C1 CompilerThread0" daemon [_thread_blocked, id=3584, stack(0x000000c270500000,0x000000c270600000)]
  0x00000251b5143c30 JavaThread "Sweeper thread" daemon [_thread_blocked, id=4004, stack(0x000000c270600000,0x000000c270700000)]
  0x000002519a237d10 JavaThread "Common-Cleaner" daemon [_thread_blocked, id=6904, stack(0x000000c270700000,0x000000c270800000)]
  0x00000251b54395c0 JavaThread "Notification Thread" daemon [_thread_blocked, id=2580, stack(0x000000c270800000,0x000000c270900000)]
  0x00000251b5b24330 JavaThread "Active Thread: Equinox Container: 20b07915-7fab-40b2-bf36-5e1ebe658616" [_thread_blocked, id=9796, stack(0x000000c270e00000,0x000000c270f00000)]
  0x00000251b5ce2010 JavaThread "Framework Event Dispatcher: Equinox Container: 20b07915-7fab-40b2-bf36-5e1ebe658616" daemon [_thread_blocked, id=5964, stack(0x000000c270f00000,0x000000c271000000)]
=>0x00000251b5ce24f0 JavaThread "Start Level: Equinox Container: 20b07915-7fab-40b2-bf36-5e1ebe658616" daemon [_thread_in_vm, id=796, stack(0x000000c271000000,0x000000c271100000)]
  0x00000251b5b224c0 JavaThread "SCR Component Actor" daemon [_thread_blocked, id=7880, stack(0x000000c270d00000,0x000000c270e00000)]
  0x00000251b5a8c8c0 JavaThread "SCR Component Registry" daemon [_thread_blocked, id=8936, stack(0x000000c271100000,0x000000c271200000)]
  0x00000251b60baa90 JavaThread "Worker-JM" [_thread_blocked, id=9848, stack(0x000000c271200000,0x000000c271300000)]
  0x00000251b60bc3e0 JavaThread "JNA Cleaner" daemon [_thread_blocked, id=9004, stack(0x000000c271300000,0x000000c271400000)]
  0x00000251b60bd820 JavaThread "Worker-0: Processing Java changes since last activation" [_thread_blocked, id=6164, stack(0x000000c271400000,0x000000c271500000)]
  0x00000251b60bc8f0 JavaThread "Worker-1: Building" [_thread_in_vm, id=9828, stack(0x000000c271500000,0x000000c271600000)]
  0x00000251b60bce00 JavaThread "Worker-2" [_thread_blocked, id=11268, stack(0x000000c271600000,0x000000c271700000)]
  0x00000251b74be240 JavaThread "C2 CompilerThread1" daemon [_thread_blocked, id=6708, stack(0x000000c271700000,0x000000c271800000)]
  0x00000251b60bd310 JavaThread "Java indexing" daemon [_thread_blocked, id=1452, stack(0x000000c271800000,0x000000c271900000)]

Other Threads:
  0x00000251afe41c20 VMThread "VM Thread" [stack: 0x000000c26fd00000,0x000000c26fe00000] [id=10320]
  0x00000251b5364de0 WatcherThread [stack: 0x000000c270900000,0x000000c270a00000] [id=7040]
  0x000002519a18e7a0 GCTaskThread "GC Thread#0" [stack: 0x000000c26fc00000,0x000000c26fd00000] [id=9772]
  0x00000251b5938450 GCTaskThread "GC Thread#1" [stack: 0x000000c270a00000,0x000000c270b00000] [id=772]
  0x00000251b562e110 GCTaskThread "GC Thread#2" [stack: 0x000000c270b00000,0x000000c270c00000] [id=11740]
  0x00000251b5959af0 GCTaskThread "GC Thread#3" [stack: 0x000000c270c00000,0x000000c270d00000] [id=1836]

Threads with active compile tasks:
C2 CompilerThread0     8546 2399       4       org.lombokweb.asm.ClassReader::readMethod (1066 bytes)

VM state: not at safepoint (normal execution)

VM Mutex/Monitor currently owned by a thread:  ([mutex/lock_event])
[0x000002519a1749d0] Metaspace_lock - owner thread: 0x00000251b5ce24f0

Heap address: 0x00000000c0000000, size: 1024 MB, Compressed Oops mode: 32-bit

CDS archive(s) not mapped
Compressed class space mapped at: 0x0000000100000000-0x0000000140000000, reserved size: 1073741824
Narrow klass base: 0x0000000000000000, Narrow klass shift: 3, Narrow klass range: 0x140000000

GC Precious Log:
 CPUs: 4 total, 4 available
 Memory: 6044M
 Large Page Support: Disabled
 NUMA Support: Disabled
 Compressed Oops: Enabled (32-bit)
 Alignments: Space 512K, Generation 512K, Heap 2M
 Heap Min Capacity: 100M
 Heap Initial Capacity: 100M
 Heap Max Capacity: 1G
 Pre-touch: Disabled
 Parallel Workers: 4

Heap:
 PSYoungGen      total 27136K, used 22628K [0x00000000eab00000, 0x00000000ec900000, 0x0000000100000000)
  eden space 24576K, 81% used [0x00000000eab00000,0x00000000ebe9d860,0x00000000ec300000)
  from space 2560K, 99% used [0x00000000ec600000,0x00000000ec87b9a0,0x00000000ec880000)
  to   space 3072K, 0% used [0x00000000ec300000,0x00000000ec300000,0x00000000ec600000)
 ParOldGen       total 68608K, used 6836K [0x00000000c0000000, 0x00000000c4300000, 0x00000000eab00000)
  object space 68608K, 9% used [0x00000000c0000000,0x00000000c06ad058,0x00000000c4300000)
 Metaspace       used 29382K, committed 29888K, reserved 1114112K
  class space    used 2859K, committed 3072K, reserved 1048576K

Card table byte_map: [0x00000251ad7e0000,0x00000251ad9f0000] _byte_map_base: 0x00000251ad1e0000

Marking Bits: (ParMarkBitMap*) 0x00007fffe64858b0
 Begin Bits: [0x00000251adb50000, 0x00000251aeb50000)
 End Bits:   [0x00000251aeb50000, 0x00000251afb50000)

Polling page: 0x000002519e5d0000

Metaspace:

Usage:
  Non-class:     25.90 MB used.
      Class:      2.79 MB used.
       Both:     28.69 MB used.

Virtual space:
  Non-class space:       64.00 MB reserved,      26.19 MB ( 41%) committed,  1 nodes.
      Class space:        1.00 GB reserved,       3.00 MB ( <1%) committed,  1 nodes.
             Both:        1.06 GB reserved,      29.19 MB (  3%) committed. 

Chunk freelists:
   Non-Class:  5.70 MB
       Class:  13.03 MB
        Both:  18.73 MB

MaxMetaspaceSize: unlimited
CompressedClassSpaceSize: 1.00 GB
Initial GC threshold: 21.00 MB
Current GC threshold: 35.00 MB
CDS: off
MetaspaceReclaimPolicy: balanced
 - commit_granule_bytes: 65536.
 - commit_granule_words: 8192.
 - virtual_space_node_default_size: 8388608.
 - enlarge_chunks_in_place: 1.
 - new_chunks_are_fully_committed: 0.
 - uncommit_free_chunks: 1.
 - use_allocation_guard: 0.
 - handle_deallocations: 1.


Internal statistics:

num_allocs_failed_limit: 3.
num_arena_births: 318.
num_arena_deaths: 14.
num_vsnodes_births: 2.
num_vsnodes_deaths: 0.
num_space_committed: 467.
num_space_uncommitted: 0.
num_chunks_returned_to_freelist: 17.
num_chunks_taken_from_freelist: 1154.
num_chunk_merges: 8.
num_chunk_splits: 757.
num_chunks_enlarged: 511.
num_inconsistent_stats: 0.

CodeHeap 'non-profiled nmethods': size=120000Kb used=1048Kb max_used=1048Kb free=118951Kb
 bounds [0x00000251a60c0000, 0x00000251a6330000, 0x00000251ad5f0000]
CodeHeap 'profiled nmethods': size=120000Kb used=5016Kb max_used=5016Kb free=114983Kb
 bounds [0x000002519e5f0000, 0x000002519eae0000, 0x00000251a5b20000]
CodeHeap 'non-nmethods': size=5760Kb used=1236Kb max_used=1259Kb free=4523Kb
 bounds [0x00000251a5b20000, 0x00000251a5d90000, 0x00000251a60c0000]
 total_blobs=3092 nmethods=2538 adapters=468
 compilation: enabled
              stopped_count=0, restarted_count=0
 full_count=0

Compilation events (20 events):
Event: 8.295 Thread 0x00000251b5140f60 2528       3       com.sun.org.apache.xerces.internal.parsers.XML11Configuration::getFeatureState0 (6 bytes)
Event: 8.296 Thread 0x00000251b5140f60 nmethod 2528 0x000002519ead3a10 code [0x000002519ead3ba0, 0x000002519ead3ce8]
Event: 8.296 Thread 0x00000251b5140f60 2529       1       java.util.concurrent.CopyOnWriteArrayList::setArray (6 bytes)
Event: 8.296 Thread 0x00000251b5140f60 nmethod 2529 0x00000251a61bf890 code [0x00000251a61bfa20, 0x00000251a61bfaf8]
Event: 8.296 Thread 0x00000251b5140f60 2530       1       org.eclipse.core.internal.jobs.InternalJob::previous (5 bytes)
Event: 8.296 Thread 0x00000251b5140f60 nmethod 2530 0x00000251a61bfb90 code [0x00000251a61bfd20, 0x00000251a61bfdf8]
Event: 8.305 Thread 0x00000251b5140f60 2532       1       org.eclipse.osgi.internal.loader.classpath.ClasspathManager::getFragmentClasspaths (5 bytes)
Event: 8.305 Thread 0x00000251b5140f60 nmethod 2532 0x00000251a61c0190 code [0x00000251a61c0320, 0x00000251a61c03f8]
Event: 8.312 Thread 0x00000251b5140f60 2533       3       org.eclipse.osgi.container.ModuleRevision::getModuleCapabilities (9 bytes)
Event: 8.313 Thread 0x00000251b5140f60 nmethod 2533 0x000002519ead3d90 code [0x000002519ead3f60, 0x000002519ead4368]
Event: 8.321 Thread 0x00000251b5140f60 2535       3       jdk.internal.misc.Unsafe::checkPointer (19 bytes)
Event: 8.321 Thread 0x00000251b5140f60 nmethod 2535 0x000002519ead4510 code [0x000002519ead46e0, 0x000002519ead4a88]
Event: 8.322 Thread 0x00000251b5140f60 2536       3       jdk.internal.misc.Unsafe::checkPrimitivePointer (19 bytes)
Event: 8.322 Thread 0x00000251b5140f60 nmethod 2536 0x000002519ead4c10 code [0x000002519ead4e20, 0x000002519ead5428]
Event: 8.344 Thread 0x00000251b5140f60 2538       3       org.eclipse.core.internal.registry.RegistryObjectManager::basicGetObject (52 bytes)
Event: 8.344 Thread 0x00000251b5140f60 nmethod 2538 0x000002519ead5690 code [0x000002519ead5880, 0x000002519ead5c18]
Event: 8.344 Thread 0x00000251b5140f60 2539       3       java.util.Collection::stream (11 bytes)
Event: 8.345 Thread 0x00000251b5140f60 nmethod 2539 0x000002519ead5e10 code [0x000002519ead5fc0, 0x000002519ead61b8]
Event: 8.345 Thread 0x00000251b74be240 nmethod 2515 0x00000251a61c0b90 code [0x00000251a61c0dc0, 0x00000251a61c2310]
Event: 8.346 Thread 0x00000251b74be240 2502 %     4       java.util.Properties$LineReader::readLine @ 53 (584 bytes)

GC Heap History (14 events):
Event: 2.729 GC heap before
{Heap before GC invocations=1 (full 0):
 PSYoungGen      total 29696K, used 25600K [0x00000000eab00000, 0x00000000ecc00000, 0x0000000100000000)
  eden space 25600K, 100% used [0x00000000eab00000,0x00000000ec400000,0x00000000ec400000)
  from space 4096K, 0% used [0x00000000ec800000,0x00000000ec800000,0x00000000ecc00000)
  to   space 4096K, 0% used [0x00000000ec400000,0x00000000ec400000,0x00000000ec800000)
 ParOldGen       total 68608K, used 0K [0x00000000c0000000, 0x00000000c4300000, 0x00000000eab00000)
  object space 68608K, 0% used [0x00000000c0000000,0x00000000c0000000,0x00000000c4300000)
 Metaspace       used 10967K, committed 11200K, reserved 1114112K
  class space    used 1091K, committed 1216K, reserved 1048576K
}
Event: 2.736 GC heap after
{Heap after GC invocations=1 (full 0):
 PSYoungGen      total 29696K, used 3140K [0x00000000eab00000, 0x00000000ecc00000, 0x0000000100000000)
  eden space 25600K, 0% used [0x00000000eab00000,0x00000000eab00000,0x00000000ec400000)
  from space 4096K, 76% used [0x00000000ec400000,0x00000000ec7112e0,0x00000000ec800000)
  to   space 4096K, 0% used [0x00000000ec800000,0x00000000ec800000,0x00000000ecc00000)
 ParOldGen       total 68608K, used 16K [0x00000000c0000000, 0x00000000c4300000, 0x00000000eab00000)
  object space 68608K, 0% used [0x00000000c0000000,0x00000000c0004000,0x00000000c4300000)
 Metaspace       used 10967K, committed 11200K, reserved 1114112K
  class space    used 1091K, committed 1216K, reserved 1048576K
}
Event: 4.590 GC heap before
{Heap before GC invocations=2 (full 0):
 PSYoungGen      total 29696K, used 28740K [0x00000000eab00000, 0x00000000ecc00000, 0x0000000100000000)
  eden space 25600K, 100% used [0x00000000eab00000,0x00000000ec400000,0x00000000ec400000)
  from space 4096K, 76% used [0x00000000ec400000,0x00000000ec7112e0,0x00000000ec800000)
  to   space 4096K, 0% used [0x00000000ec800000,0x00000000ec800000,0x00000000ecc00000)
 ParOldGen       total 68608K, used 16K [0x00000000c0000000, 0x00000000c4300000, 0x00000000eab00000)
  object space 68608K, 0% used [0x00000000c0000000,0x00000000c0004000,0x00000000c4300000)
 Metaspace       used 14718K, committed 14912K, reserved 1114112K
  class space    used 1490K, committed 1600K, reserved 1048576K
}
Event: 4.599 GC heap after
{Heap after GC invocations=2 (full 0):
 PSYoungGen      total 29696K, used 4089K [0x00000000eab00000, 0x00000000ecc00000, 0x0000000100000000)
  eden space 25600K, 0% used [0x00000000eab00000,0x00000000eab00000,0x00000000ec400000)
  from space 4096K, 99% used [0x00000000ec800000,0x00000000ecbfe770,0x00000000ecc00000)
  to   space 4096K, 0% used [0x00000000ec400000,0x00000000ec400000,0x00000000ec800000)
 ParOldGen       total 68608K, used 764K [0x00000000c0000000, 0x00000000c4300000, 0x00000000eab00000)
  object space 68608K, 1% used [0x00000000c0000000,0x00000000c00bf360,0x00000000c4300000)
 Metaspace       used 14718K, committed 14912K, reserved 1114112K
  class space    used 1490K, committed 1600K, reserved 1048576K
}
Event: 5.876 GC heap before
{Heap before GC invocations=3 (full 0):
 PSYoungGen      total 29696K, used 29689K [0x00000000eab00000, 0x00000000ecc00000, 0x0000000100000000)
  eden space 25600K, 100% used [0x00000000eab00000,0x00000000ec400000,0x00000000ec400000)
  from space 4096K, 99% used [0x00000000ec800000,0x00000000ecbfe770,0x00000000ecc00000)
  to   space 4096K, 0% used [0x00000000ec400000,0x00000000ec400000,0x00000000ec800000)
 ParOldGen       total 68608K, used 764K [0x00000000c0000000, 0x00000000c4300000, 0x00000000eab00000)
  object space 68608K, 1% used [0x00000000c0000000,0x00000000c00bf360,0x00000000c4300000)
 Metaspace       used 19779K, committed 20160K, reserved 1114112K
  class space    used 2020K, committed 2176K, reserved 1048576K
}
Event: 5.885 GC heap after
{Heap after GC invocations=3 (full 0):
 PSYoungGen      total 29696K, used 4081K [0x00000000eab00000, 0x00000000ecc00000, 0x0000000100000000)
  eden space 25600K, 0% used [0x00000000eab00000,0x00000000eab00000,0x00000000ec400000)
  from space 4096K, 99% used [0x00000000ec400000,0x00000000ec7fc598,0x00000000ec800000)
  to   space 4096K, 0% used [0x00000000ec800000,0x00000000ec800000,0x00000000ecc00000)
 ParOldGen       total 68608K, used 2420K [0x00000000c0000000, 0x00000000c4300000, 0x00000000eab00000)
  object space 68608K, 3% used [0x00000000c0000000,0x00000000c025d3c0,0x00000000c4300000)
 Metaspace       used 19779K, committed 20160K, reserved 1114112K
  class space    used 2020K, committed 2176K, reserved 1048576K
}
Event: 6.292 GC heap before
{Heap before GC invocations=4 (full 0):
 PSYoungGen      total 29696K, used 10741K [0x00000000eab00000, 0x00000000ecc00000, 0x0000000100000000)
  eden space 25600K, 26% used [0x00000000eab00000,0x00000000eb181080,0x00000000ec400000)
  from space 4096K, 99% used [0x00000000ec400000,0x00000000ec7fc598,0x00000000ec800000)
  to   space 4096K, 0% used [0x00000000ec800000,0x00000000ec800000,0x00000000ecc00000)
 ParOldGen       total 68608K, used 2420K [0x00000000c0000000, 0x00000000c4300000, 0x00000000eab00000)
  object space 68608K, 3% used [0x00000000c0000000,0x00000000c025d3c0,0x00000000c4300000)
 Metaspace       used 21081K, committed 21504K, reserved 1114112K
  class space    used 2153K, committed 2304K, reserved 1048576K
}
Event: 6.299 GC heap after
{Heap after GC invocations=4 (full 0):
 PSYoungGen      total 29696K, used 4069K [0x00000000eab00000, 0x00000000ecc00000, 0x0000000100000000)
  eden space 25600K, 0% used [0x00000000eab00000,0x00000000eab00000,0x00000000ec400000)
  from space 4096K, 99% used [0x00000000ec800000,0x00000000ecbf9450,0x00000000ecc00000)
  to   space 4096K, 0% used [0x00000000ec400000,0x00000000ec400000,0x00000000ec800000)
 ParOldGen       total 68608K, used 2887K [0x00000000c0000000, 0x00000000c4300000, 0x00000000eab00000)
  object space 68608K, 4% used [0x00000000c0000000,0x00000000c02d1ed0,0x00000000c4300000)
 Metaspace       used 21081K, committed 21504K, reserved 1114112K
  class space    used 2153K, committed 2304K, reserved 1048576K
}
Event: 6.299 GC heap before
{Heap before GC invocations=5 (full 1):
 PSYoungGen      total 29696K, used 4069K [0x00000000eab00000, 0x00000000ecc00000, 0x0000000100000000)
  eden space 25600K, 0% used [0x00000000eab00000,0x00000000eab00000,0x00000000ec400000)
  from space 4096K, 99% used [0x00000000ec800000,0x00000000ecbf9450,0x00000000ecc00000)
  to   space 4096K, 0% used [0x00000000ec400000,0x00000000ec400000,0x00000000ec800000)
 ParOldGen       total 68608K, used 2887K [0x00000000c0000000, 0x00000000c4300000, 0x00000000eab00000)
  object space 68608K, 4% used [0x00000000c0000000,0x00000000c02d1ed0,0x00000000c4300000)
 Metaspace       used 21081K, committed 21504K, reserved 1114112K
  class space    used 2153K, committed 2304K, reserved 1048576K
}
Event: 6.343 GC heap after
{Heap after GC invocations=5 (full 1):
 PSYoungGen      total 29696K, used 0K [0x00000000eab00000, 0x00000000ecc00000, 0x0000000100000000)
  eden space 25600K, 0% used [0x00000000eab00000,0x00000000eab00000,0x00000000ec400000)
  from space 4096K, 0% used [0x00000000ec800000,0x00000000ec800000,0x00000000ecc00000)
  to   space 4096K, 0% used [0x00000000ec400000,0x00000000ec400000,0x00000000ec800000)
 ParOldGen       total 68608K, used 6788K [0x00000000c0000000, 0x00000000c4300000, 0x00000000eab00000)
  object space 68608K, 9% used [0x00000000c0000000,0x00000000c06a1058,0x00000000c4300000)
 Metaspace       used 21068K, committed 21504K, reserved 1114112K
  class space    used 2149K, committed 2304K, reserved 1048576K
}
Event: 7.270 GC heap before
{Heap before GC invocations=6 (full 1):
 PSYoungGen      total 29696K, used 25600K [0x00000000eab00000, 0x00000000ecc00000, 0x0000000100000000)
  eden space 25600K, 100% used [0x00000000eab00000,0x00000000ec400000,0x00000000ec400000)
  from space 4096K, 0% used [0x00000000ec800000,0x00000000ec800000,0x00000000ecc00000)
  to   space 4096K, 0% used [0x00000000ec400000,0x00000000ec400000,0x00000000ec800000)
 ParOldGen       total 68608K, used 6788K [0x00000000c0000000, 0x00000000c4300000, 0x00000000eab00000)
  object space 68608K, 9% used [0x00000000c0000000,0x00000000c06a1058,0x00000000c4300000)
 Metaspace       used 23866K, committed 24320K, reserved 1114112K
  class space    used 2428K, committed 2624K, reserved 1048576K
}
Event: 7.273 GC heap after
{Heap after GC invocations=6 (full 1):
 PSYoungGen      total 26112K, used 702K [0x00000000eab00000, 0x00000000ec880000, 0x0000000100000000)
  eden space 25088K, 0% used [0x00000000eab00000,0x00000000eab00000,0x00000000ec380000)
  from space 1024K, 68% used [0x00000000ec400000,0x00000000ec4af850,0x00000000ec500000)
  to   space 2560K, 0% used [0x00000000ec600000,0x00000000ec600000,0x00000000ec880000)
 ParOldGen       total 68608K, used 6796K [0x00000000c0000000, 0x00000000c4300000, 0x00000000eab00000)
  object space 68608K, 9% used [0x00000000c0000000,0x00000000c06a3058,0x00000000c4300000)
 Metaspace       used 23866K, committed 24320K, reserved 1114112K
  class space    used 2428K, committed 2624K, reserved 1048576K
}
Event: 7.872 GC heap before
{Heap before GC invocations=7 (full 1):
 PSYoungGen      total 26112K, used 25790K [0x00000000eab00000, 0x00000000ec880000, 0x0000000100000000)
  eden space 25088K, 100% used [0x00000000eab00000,0x00000000ec380000,0x00000000ec380000)
  from space 1024K, 68% used [0x00000000ec400000,0x00000000ec4af850,0x00000000ec500000)
  to   space 2560K, 0% used [0x00000000ec600000,0x00000000ec600000,0x00000000ec880000)
 ParOldGen       total 68608K, used 6796K [0x00000000c0000000, 0x00000000c4300000, 0x00000000eab00000)
  object space 68608K, 9% used [0x00000000c0000000,0x00000000c06a3058,0x00000000c4300000)
 Metaspace       used 27787K, committed 28288K, reserved 1114112K
  class space    used 2705K, committed 2880K, reserved 1048576K
}
Event: 7.877 GC heap after
{Heap after GC invocations=7 (full 1):
 PSYoungGen      total 27136K, used 2542K [0x00000000eab00000, 0x00000000ec900000, 0x0000000100000000)
  eden space 24576K, 0% used [0x00000000eab00000,0x00000000eab00000,0x00000000ec300000)
  from space 2560K, 99% used [0x00000000ec600000,0x00000000ec87b9a0,0x00000000ec880000)
  to   space 3072K, 0% used [0x00000000ec300000,0x00000000ec300000,0x00000000ec600000)
 ParOldGen       total 68608K, used 6836K [0x00000000c0000000, 0x00000000c4300000, 0x00000000eab00000)
  object space 68608K, 9% used [0x00000000c0000000,0x00000000c06ad058,0x00000000c4300000)
 Metaspace       used 27787K, committed 28288K, reserved 1114112K
  class space    used 2705K, committed 2880K, reserved 1048576K
}

Dll operation events (10 events):
Event: 0.015 Loaded shared library c:\Users\Nice\.vscode\extensions\redhat.java-1.35.2024090508-win32-x64\jre\17.0.12-win32-x86_64\bin\java.dll
Event: 0.456 Loaded shared library c:\Users\Nice\.vscode\extensions\redhat.java-1.35.2024090508-win32-x64\jre\17.0.12-win32-x86_64\bin\zip.dll
Event: 0.467 Loaded shared library C:\Users\Nice\.vscode\extensions\redhat.java-1.35.2024090508-win32-x64\jre\17.0.12-win32-x86_64\bin\instrument.dll
Event: 0.547 Loaded shared library C:\Users\Nice\.vscode\extensions\redhat.java-1.35.2024090508-win32-x64\jre\17.0.12-win32-x86_64\bin\net.dll
Event: 0.552 Loaded shared library C:\Users\Nice\.vscode\extensions\redhat.java-1.35.2024090508-win32-x64\jre\17.0.12-win32-x86_64\bin\nio.dll
Event: 0.571 Loaded shared library C:\Users\Nice\.vscode\extensions\redhat.java-1.35.2024090508-win32-x64\jre\17.0.12-win32-x86_64\bin\zip.dll
Event: 0.673 Loaded shared library C:\Users\Nice\.vscode\extensions\redhat.java-1.35.2024090508-win32-x64\jre\17.0.12-win32-x86_64\bin\jimage.dll
Event: 0.938 Loaded shared library c:\Users\Nice\.vscode\extensions\redhat.java-1.35.2024090508-win32-x64\jre\17.0.12-win32-x86_64\bin\verify.dll
Event: 4.243 Loaded shared library C:\Users\Nice\AppData\Roaming\Code\User\globalStorage\redhat.java\1.35.2024090508\config_ss_win\org.eclipse.equinox.launcher\org.eclipse.equinox.launcher.win32.win32.x86_64_1.2.1100.v20240722-2106\eclipse_11904.dll
Event: 6.645 Loaded shared library C:\Users\Nice\AppData\Local\Temp\jna-2427773\jna4938508403974411960.dll

Deoptimization events (20 events):
Event: 6.716 Thread 0x00000251b5ce24f0 DEOPT PACKING pc=0x00000251a6152258 sp=0x000000c2710f7d30
Event: 6.716 Thread 0x00000251b5ce24f0 DEOPT UNPACKING pc=0x00000251a5b766a3 sp=0x000000c2710f7c58 mode 2
Event: 7.618 Thread 0x00000251b5ce24f0 Uncommon trap: trap_request=0xffffff45 fr.pc=0x00000251a61b1314 relative=0x0000000000000114
Event: 7.618 Thread 0x00000251b5ce24f0 Uncommon trap: reason=unstable_if action=reinterpret pc=0x00000251a61b1314 method=org.lombokweb.asm.ByteVector.putByteArray([BII)Lorg/lombokweb/asm/ByteVector; @ 20 c2
Event: 7.618 Thread 0x00000251b5ce24f0 DEOPT PACKING pc=0x00000251a61b1314 sp=0x000000c2710eec20
Event: 7.619 Thread 0x00000251b5ce24f0 DEOPT UNPACKING pc=0x00000251a5b766a3 sp=0x000000c2710eebf0 mode 2
Event: 7.619 Thread 0x00000251b5ce24f0 Uncommon trap: trap_request=0xffffff45 fr.pc=0x00000251a61b0cd4 relative=0x0000000000000334
Event: 7.619 Thread 0x00000251b5ce24f0 Uncommon trap: reason=unstable_if action=reinterpret pc=0x00000251a61b0cd4 method=org.lombokweb.asm.Label.resolve([BLorg/lombokweb/asm/ByteVector;I)Z @ 81 c2
Event: 7.619 Thread 0x00000251b5ce24f0 DEOPT PACKING pc=0x00000251a61b0cd4 sp=0x000000c2710eeca0
Event: 7.619 Thread 0x00000251b5ce24f0 DEOPT UNPACKING pc=0x00000251a5b766a3 sp=0x000000c2710eeba8 mode 2
Event: 8.165 Thread 0x00000251b5ce24f0 DEOPT PACKING pc=0x000002519e6d9e42 sp=0x000000c2710f7dd0
Event: 8.165 Thread 0x00000251b5ce24f0 DEOPT UNPACKING pc=0x00000251a5b76e43 sp=0x000000c2710f72b8 mode 0
Event: 8.187 Thread 0x00000251b5ce24f0 Uncommon trap: trap_request=0xffffffc6 fr.pc=0x00000251a61521f4 relative=0x00000000000009d4
Event: 8.187 Thread 0x00000251b5ce24f0 Uncommon trap: reason=bimorphic_or_optimized_type_check action=maybe_recompile pc=0x00000251a61521f4 method=java.util.HashMap.putVal(ILjava/lang/Object;Ljava/lang/Object;ZZ)Ljava/lang/Object; @ 56 c2
Event: 8.187 Thread 0x00000251b5ce24f0 DEOPT PACKING pc=0x00000251a61521f4 sp=0x000000c2710f9960
Event: 8.187 Thread 0x00000251b5ce24f0 DEOPT UNPACKING pc=0x00000251a5b766a3 sp=0x000000c2710f9860 mode 2
Event: 8.251 Thread 0x00000251b5ce24f0 Uncommon trap: trap_request=0xffffff45 fr.pc=0x00000251a6105d74 relative=0x0000000000000074
Event: 8.251 Thread 0x00000251b5ce24f0 Uncommon trap: reason=unstable_if action=reinterpret pc=0x00000251a6105d74 method=jdk.internal.misc.Unsafe.convEndian(ZJ)J @ 4 c2
Event: 8.251 Thread 0x00000251b5ce24f0 DEOPT PACKING pc=0x00000251a6105d74 sp=0x000000c2710f8790
Event: 8.251 Thread 0x00000251b5ce24f0 DEOPT UNPACKING pc=0x00000251a5b766a3 sp=0x000000c2710f86b8 mode 2

Classes loaded (20 events):
Event: 8.355 Loading class java/text/DateFormat
Event: 8.356 Loading class java/text/Format
Event: 8.356 Loading class java/text/Format done
Event: 8.356 Loading class java/text/DateFormat done
Event: 8.356 Loading class java/text/spi/DateFormatProvider
Event: 8.356 Loading class java/util/spi/LocaleServiceProvider
Event: 8.356 Loading class java/util/spi/LocaleServiceProvider done
Event: 8.356 Loading class java/text/spi/DateFormatProvider done
Event: 8.356 Loading class sun/util/locale/provider/LocaleProviderAdapter
Event: 8.357 Loading class sun/util/locale/provider/LocaleProviderAdapter done
Event: 8.357 Loading class sun/util/locale/provider/LocaleProviderAdapter$Type
Event: 8.357 Loading class sun/util/locale/provider/LocaleProviderAdapter$Type done
Event: 8.358 Loading class sun/util/locale/provider/LocaleProviderAdapter$1
Event: 8.358 Loading class sun/util/locale/provider/LocaleProviderAdapter$1 done
Event: 8.358 Loading class sun/util/cldr/CLDRLocaleProviderAdapter
Event: 8.358 Loading class sun/util/locale/provider/JRELocaleProviderAdapter
Event: 8.359 Loading class sun/util/locale/provider/ResourceBundleBasedAdapter
Event: 8.359 Loading class sun/util/locale/provider/ResourceBundleBasedAdapter done
Event: 8.359 Loading class sun/util/locale/provider/JRELocaleProviderAdapter done
Event: 8.359 Loading class sun/util/cldr/CLDRLocaleProviderAdapter done

Classes unloaded (7 events):
Event: 6.306 Thread 0x00000251afe41c20 Unloading class 0x000000010021b400 'java/lang/invoke/LambdaForm$MH+0x000000010021b400'
Event: 6.306 Thread 0x00000251afe41c20 Unloading class 0x000000010021b000 'java/lang/invoke/LambdaForm$MH+0x000000010021b000'
Event: 6.306 Thread 0x00000251afe41c20 Unloading class 0x000000010021ac00 'java/lang/invoke/LambdaForm$MH+0x000000010021ac00'
Event: 6.306 Thread 0x00000251afe41c20 Unloading class 0x000000010021a800 'java/lang/invoke/LambdaForm$MH+0x000000010021a800'
Event: 6.306 Thread 0x00000251afe41c20 Unloading class 0x000000010021a400 'java/lang/invoke/LambdaForm$BMH+0x000000010021a400'
Event: 6.306 Thread 0x00000251afe41c20 Unloading class 0x000000010021a000 'java/lang/invoke/LambdaForm$DMH+0x000000010021a000'
Event: 6.306 Thread 0x00000251afe41c20 Unloading class 0x0000000100214400 'java/lang/invoke/LambdaForm$DMH+0x0000000100214400'

Classes redefined (0 events):
No events

Internal exceptions (20 events):
Event: 6.801 Thread 0x00000251b5ce24f0 Exception <a 'java/lang/NoSuchMethodError'{0x00000000eaee8180}: 'java.lang.Object java.lang.invoke.DirectMethodHandle$Holder.invokeSpecial(java.lang.Object, java.lang.Object, java.lang.Object, long, java.lang.Object)'> (0x00000000eaee8180) 
thrown [s\src\hotspot\share\interpreter\linkResolver.cpp, line 759]
Event: 6.802 Thread 0x00000251b5ce24f0 Exception <a 'java/lang/NoSuchMethodError'{0x00000000eaef0338}: 'java.lang.Object java.lang.invoke.DirectMethodHandle$Holder.newInvokeSpecial(java.lang.Object, java.lang.Object, java.lang.Object, long)'> (0x00000000eaef0338) 
thrown [s\src\hotspot\share\interpreter\linkResolver.cpp, line 759]
Event: 6.803 Thread 0x00000251b5ce24f0 Exception <a 'java/lang/NoSuchMethodError'{0x00000000eaef48d8}: 'java.lang.Object java.lang.invoke.DirectMethodHandle$Holder.invokeSpecial(java.lang.Object, java.lang.Object, java.lang.Object, java.lang.Object, long)'> (0x00000000eaef48d8) 
thrown [s\src\hotspot\share\interpreter\linkResolver.cpp, line 759]
Event: 6.804 Thread 0x00000251b5ce24f0 Exception <a 'java/lang/NoSuchMethodError'{0x00000000eaf13a90}: 'java.lang.Object java.lang.invoke.Invokers$Holder.linkToTargetMethod(java.lang.Object, java.lang.Object, long, java.lang.Object)'> (0x00000000eaf13a90) 
thrown [s\src\hotspot\share\interpreter\linkResolver.cpp, line 759]
Event: 6.819 Thread 0x00000251b5ce24f0 Exception <a 'java/lang/NoSuchMethodError'{0x00000000eaf87620}: 'int java.lang.invoke.DirectMethodHandle$Holder.invokeStaticInit(java.lang.Object, java.lang.Object, java.lang.Object)'> (0x00000000eaf87620) 
thrown [s\src\hotspot\share\interpreter\linkResolver.cpp, line 759]
Event: 6.841 Thread 0x00000251b5ce24f0 Exception <a 'java/lang/IncompatibleClassChangeError'{0x00000000eb00a9b8}: Found class java.lang.Object, but interface was expected> (0x00000000eb00a9b8) 
thrown [s\src\hotspot\share\interpreter\linkResolver.cpp, line 826]
Event: 6.849 Thread 0x00000251b5ce24f0 Exception <a 'java/lang/NoSuchMethodError'{0x00000000eb01da20}: 'java.lang.Object java.lang.invoke.DirectMethodHandle$Holder.invokeSpecial(java.lang.Object, java.lang.Object, java.lang.Object, int, java.lang.Object, java.lang.Object)'> (0x00000000eb01da20) 
thrown [s\src\hotspot\share\interpreter\linkResolver.cpp, line 759]
Event: 6.850 Thread 0x00000251b5ce24f0 Exception <a 'java/lang/NoSuchMethodError'{0x00000000eb0261a8}: 'java.lang.Object java.lang.invoke.DirectMethodHandle$Holder.newInvokeSpecial(java.lang.Object, java.lang.Object, java.lang.Object, int, java.lang.Object)'> (0x00000000eb0261a8) 
thrown [s\src\hotspot\share\interpreter\linkResolver.cpp, line 759]
Event: 6.851 Thread 0x00000251b5ce24f0 Exception <a 'java/lang/NoSuchMethodError'{0x00000000eb02a600}: 'java.lang.Object java.lang.invoke.DirectMethodHandle$Holder.invokeSpecial(java.lang.Object, java.lang.Object, java.lang.Object, java.lang.Object, int, java.lang.Object)'> (0x00000000eb02a600) 
thrown [s\src\hotspot\share\interpreter\linkResolver.cpp, line 759]
Event: 6.852 Thread 0x00000251b60bd820 Exception <a 'java/lang/NoSuchMethodError'{0x00000000eaf5a120}: 'java.lang.Object java.lang.invoke.DirectMethodHandle$Holder.invokeSpecial(java.lang.Object, java.lang.Object, int, java.lang.Object, java.lang.Object)'> (0x00000000eaf5a120) 
thrown [s\src\hotspot\share\interpreter\linkResolver.cpp, line 759]
Event: 6.853 Thread 0x00000251b60bd820 Exception <a 'java/lang/NoSuchMethodError'{0x00000000eaf617f0}: 'java.lang.Object java.lang.invoke.DirectMethodHandle$Holder.newInvokeSpecial(java.lang.Object, java.lang.Object, int, java.lang.Object)'> (0x00000000eaf617f0) 
thrown [s\src\hotspot\share\interpreter\linkResolver.cpp, line 759]
Event: 6.854 Thread 0x00000251b60bd820 Exception <a 'java/lang/NoSuchMethodError'{0x00000000eaf65300}: 'java.lang.Object java.lang.invoke.DirectMethodHandle$Holder.invokeSpecial(java.lang.Object, java.lang.Object, java.lang.Object, int, java.lang.Object)'> (0x00000000eaf65300) 
thrown [s\src\hotspot\share\interpreter\linkResolver.cpp, line 759]
Event: 6.927 Thread 0x00000251b5ce24f0 Exception <a 'java/lang/NoSuchMethodError'{0x00000000eb355658}: 'double java.lang.invoke.DirectMethodHandle$Holder.invokeStatic(java.lang.Object, java.lang.Object)'> (0x00000000eb355658) 
thrown [s\src\hotspot\share\interpreter\linkResolver.cpp, line 759]
Event: 6.928 Thread 0x00000251b5ce24f0 Exception <a 'java/lang/NoSuchMethodError'{0x00000000eb358f70}: 'double java.lang.invoke.DirectMethodHandle$Holder.invokeStaticInit(java.lang.Object, java.lang.Object)'> (0x00000000eb358f70) 
thrown [s\src\hotspot\share\interpreter\linkResolver.cpp, line 759]
Event: 7.618 Thread 0x00000251b5ce24f0 Implicit null exception at 0x00000251a61b1248 to 0x00000251a61b12f8
Event: 8.245 Thread 0x00000251b5ce24f0 Exception <a 'java/lang/ClassNotFoundException'{0x00000000eba4e638}: com/sun/org/apache/xerces/internal/impl/msg/spi/DOMMessagesProvider> (0x00000000eba4e638) 
thrown [s\src\hotspot\share\classfile\systemDictionary.cpp, line 256]
Event: 8.254 Thread 0x00000251b5ce24f0 Exception <a 'java/lang/ClassNotFoundException'{0x00000000eba7b820}: com/sun/org/apache/xerces/internal/impl/msg/spi/XMLSerializerMessagesProvider> (0x00000000eba7b820) 
thrown [s\src\hotspot\share\classfile\systemDictionary.cpp, line 256]
Event: 8.255 Thread 0x00000251b5ce24f0 Exception <a 'java/lang/ClassNotFoundException'{0x00000000eba84ae8}: com/sun/org/apache/xerces/internal/impl/msg/spi/XMLMessagesProvider> (0x00000000eba84ae8) 
thrown [s\src\hotspot\share\classfile\systemDictionary.cpp, line 256]
Event: 8.303 Thread 0x00000251b60bd820 Exception <a 'java/lang/NoSuchMethodError'{0x00000000ebbb9428}: 'int java.lang.invoke.DirectMethodHandle$Holder.invokeVirtual(java.lang.Object, java.lang.Object)'> (0x00000000ebbb9428) 
thrown [s\src\hotspot\share\interpreter\linkResolver.cpp, line 759]
Event: 8.347 Thread 0x00000251b5ce24f0 Exception <a 'java/lang/NoSuchMethodError'{0x00000000ebe0c9e0}: 'java.lang.Object java.lang.invoke.DirectMethodHandle$Holder.newInvokeSpecial(java.lang.Object, int, java.lang.Object, java.lang.Object)'> (0x00000000ebe0c9e0) 
thrown [s\src\hotspot\share\interpreter\linkResolver.cpp, line 759]

VM Operations (20 events):
Event: 5.324 Executing VM operation: HandshakeAllThreads
Event: 5.324 Executing VM operation: HandshakeAllThreads done
Event: 5.640 Executing VM operation: HandshakeAllThreads
Event: 5.640 Executing VM operation: HandshakeAllThreads done
Event: 5.640 Executing VM operation: Cleanup
Event: 5.640 Executing VM operation: Cleanup done
Event: 5.876 Executing VM operation: ParallelGCFailedAllocation
Event: 5.885 Executing VM operation: ParallelGCFailedAllocation done
Event: 6.292 Executing VM operation: CollectForMetadataAllocation
Event: 6.343 Executing VM operation: CollectForMetadataAllocation done
Event: 6.366 Executing VM operation: HandshakeAllThreads
Event: 6.370 Executing VM operation: HandshakeAllThreads done
Event: 6.660 Executing VM operation: HandshakeAllThreads
Event: 6.660 Executing VM operation: HandshakeAllThreads done
Event: 7.270 Executing VM operation: ParallelGCFailedAllocation
Event: 7.273 Executing VM operation: ParallelGCFailedAllocation done
Event: 7.872 Executing VM operation: ParallelGCFailedAllocation
Event: 7.877 Executing VM operation: ParallelGCFailedAllocation done
Event: 8.159 Executing VM operation: HandshakeAllThreads
Event: 8.159 Executing VM operation: HandshakeAllThreads done

Events (20 events):
Event: 1.867 Thread 0x00000251b5418d70 Thread added: 0x00000251b5418d70
Event: 2.022 Thread 0x00000251b5418d70 Thread exited: 0x00000251b5418d70
Event: 2.144 Thread 0x00000251b5770d30 Thread added: 0x00000251b5770d30
Event: 2.606 Thread 0x00000251b5770d30 Thread exited: 0x00000251b5770d30
Event: 2.902 Thread 0x00000251b5a513a0 Thread added: 0x00000251b5a513a0
Event: 3.549 Thread 0x00000251b5b24330 Thread added: 0x00000251b5b24330
Event: 3.762 Thread 0x00000251b5a513a0 Thread exited: 0x00000251b5a513a0
Event: 4.160 Thread 0x00000251b5b224c0 Thread added: 0x00000251b5b224c0
Event: 4.219 Thread 0x00000251b5ce2010 Thread added: 0x00000251b5ce2010
Event: 4.234 Thread 0x00000251b5ce24f0 Thread added: 0x00000251b5ce24f0
Event: 4.378 Thread 0x00000251b5b224c0 Thread exited: 0x00000251b5b224c0
Event: 4.392 Thread 0x00000251b5b224c0 Thread added: 0x00000251b5b224c0
Event: 4.714 Thread 0x00000251b5a8c8c0 Thread added: 0x00000251b5a8c8c0
Event: 5.440 Thread 0x00000251b60baa90 Thread added: 0x00000251b60baa90
Event: 6.692 Thread 0x00000251b60bc3e0 Thread added: 0x00000251b60bc3e0
Event: 6.809 Thread 0x00000251b60bd820 Thread added: 0x00000251b60bd820
Event: 6.853 Thread 0x00000251b60bc8f0 Thread added: 0x00000251b60bc8f0
Event: 7.016 Thread 0x00000251b60bce00 Thread added: 0x00000251b60bce00
Event: 8.011 Thread 0x00000251b74be240 Thread added: 0x00000251b74be240
Event: 8.292 Thread 0x00000251b60bd310 Thread added: 0x00000251b60bd310


Dynamic libraries:
0x00007ff6b2e50000 - 0x00007ff6b2e5e000 	c:\Users\Nice\.vscode\extensions\redhat.java-1.35.2024090508-win32-x64\jre\17.0.12-win32-x86_64\bin\java.exe
0x00007ff836d30000 - 0x00007ff836f28000 	C:\WINDOWS\SYSTEM32\ntdll.dll
0x00007ff836b70000 - 0x00007ff836c31000 	C:\WINDOWS\System32\KERNEL32.DLL
0x00007ff834690000 - 0x00007ff83498d000 	C:\WINDOWS\System32\KERNELBASE.dll
0x00007ff834c30000 - 0x00007ff834d30000 	C:\WINDOWS\System32\ucrtbase.dll
0x00007ff825900000 - 0x00007ff825917000 	c:\Users\Nice\.vscode\extensions\redhat.java-1.35.2024090508-win32-x64\jre\17.0.12-win32-x86_64\bin\jli.dll
0x00007ff8358b0000 - 0x00007ff835a4d000 	C:\WINDOWS\System32\USER32.dll
0x00007ff834a00000 - 0x00007ff834a22000 	C:\WINDOWS\System32\win32u.dll
0x00007ff836700000 - 0x00007ff83672b000 	C:\WINDOWS\System32\GDI32.dll
0x00007ff834430000 - 0x00007ff834547000 	C:\WINDOWS\System32\gdi32full.dll
0x00007ff834a30000 - 0x00007ff834acd000 	C:\WINDOWS\System32\msvcp_win.dll
0x00007ff8228c0000 - 0x00007ff8228db000 	c:\Users\Nice\.vscode\extensions\redhat.java-1.35.2024090508-win32-x64\jre\17.0.12-win32-x86_64\bin\VCRUNTIME140.dll
0x00007ff820d70000 - 0x00007ff82100a000 	C:\WINDOWS\WinSxS\amd64_microsoft.windows.common-controls_6595b64144ccf1df_6.0.19041.4355_none_60b8b9eb71f62e16\COMCTL32.dll
0x00007ff835a50000 - 0x00007ff835aee000 	C:\WINDOWS\System32\msvcrt.dll
0x00007ff835880000 - 0x00007ff8358af000 	C:\WINDOWS\System32\IMM32.DLL
0x00007ff828c70000 - 0x00007ff828c7c000 	c:\Users\Nice\.vscode\extensions\redhat.java-1.35.2024090508-win32-x64\jre\17.0.12-win32-x86_64\bin\vcruntime140_1.dll
0x00007ff81bdf0000 - 0x00007ff81be7d000 	c:\Users\Nice\.vscode\extensions\redhat.java-1.35.2024090508-win32-x64\jre\17.0.12-win32-x86_64\bin\msvcp140.dll
0x00007fffe58e0000 - 0x00007fffe654a000 	c:\Users\Nice\.vscode\extensions\redhat.java-1.35.2024090508-win32-x64\jre\17.0.12-win32-x86_64\bin\server\jvm.dll
0x00007ff836c40000 - 0x00007ff836cf0000 	C:\WINDOWS\System32\ADVAPI32.dll
0x00007ff836a40000 - 0x00007ff836ae0000 	C:\WINDOWS\System32\sechost.dll
0x00007ff8364f0000 - 0x00007ff836613000 	C:\WINDOWS\System32\RPCRT4.dll
0x00007ff834d30000 - 0x00007ff834d57000 	C:\WINDOWS\System32\bcrypt.dll
0x00007ff835af0000 - 0x00007ff835b5b000 	C:\WINDOWS\System32\WS2_32.dll
0x00007ff834230000 - 0x00007ff83427b000 	C:\WINDOWS\SYSTEM32\POWRPROF.dll
0x00007ff820c90000 - 0x00007ff820cb7000 	C:\WINDOWS\SYSTEM32\WINMM.dll
0x00007ff827940000 - 0x00007ff82794a000 	C:\WINDOWS\SYSTEM32\VERSION.dll
0x00007ff834160000 - 0x00007ff834172000 	C:\WINDOWS\SYSTEM32\UMPDC.dll
0x00007ff832260000 - 0x00007ff832272000 	C:\WINDOWS\SYSTEM32\kernel.appcore.dll
0x00007ff826ab0000 - 0x00007ff826aba000 	c:\Users\Nice\.vscode\extensions\redhat.java-1.35.2024090508-win32-x64\jre\17.0.12-win32-x86_64\bin\jimage.dll
0x00007ff824800000 - 0x00007ff8249e4000 	C:\WINDOWS\SYSTEM32\DBGHELP.DLL
0x00007ff823ea0000 - 0x00007ff823ed4000 	C:\WINDOWS\SYSTEM32\dbgcore.DLL
0x00007ff834600000 - 0x00007ff834682000 	C:\WINDOWS\System32\bcryptPrimitives.dll
0x00007ff826a40000 - 0x00007ff826a4e000 	c:\Users\Nice\.vscode\extensions\redhat.java-1.35.2024090508-win32-x64\jre\17.0.12-win32-x86_64\bin\instrument.dll
0x00007ff81ed00000 - 0x00007ff81ed25000 	c:\Users\Nice\.vscode\extensions\redhat.java-1.35.2024090508-win32-x64\jre\17.0.12-win32-x86_64\bin\java.dll
0x00007ff8226f0000 - 0x00007ff822708000 	c:\Users\Nice\.vscode\extensions\redhat.java-1.35.2024090508-win32-x64\jre\17.0.12-win32-x86_64\bin\zip.dll
0x00007ff834f00000 - 0x00007ff83566f000 	C:\WINDOWS\System32\SHELL32.dll
0x00007ff832460000 - 0x00007ff832bff000 	C:\WINDOWS\SYSTEM32\windows.storage.dll
0x00007ff835c20000 - 0x00007ff835f73000 	C:\WINDOWS\System32\combase.dll
0x00007ff833d30000 - 0x00007ff833d5e000 	C:\WINDOWS\SYSTEM32\Wldp.dll
0x00007ff835670000 - 0x00007ff83573d000 	C:\WINDOWS\System32\OLEAUT32.dll
0x00007ff836730000 - 0x00007ff8367dd000 	C:\WINDOWS\System32\SHCORE.dll
0x00007ff835b60000 - 0x00007ff835bb5000 	C:\WINDOWS\System32\shlwapi.dll
0x00007ff834310000 - 0x00007ff834334000 	C:\WINDOWS\SYSTEM32\profapi.dll
0x00007ff821010000 - 0x00007ff821029000 	C:\Users\Nice\.vscode\extensions\redhat.java-1.35.2024090508-win32-x64\jre\17.0.12-win32-x86_64\bin\net.dll
0x00007ff829c70000 - 0x00007ff829d7d000 	C:\WINDOWS\SYSTEM32\WINHTTP.dll
0x00007ff833a90000 - 0x00007ff833afa000 	C:\WINDOWS\system32\mswsock.dll
0x00007ff81f9d0000 - 0x00007ff81f9e6000 	C:\Users\Nice\.vscode\extensions\redhat.java-1.35.2024090508-win32-x64\jre\17.0.12-win32-x86_64\bin\nio.dll
0x00007ff827320000 - 0x00007ff827330000 	c:\Users\Nice\.vscode\extensions\redhat.java-1.35.2024090508-win32-x64\jre\17.0.12-win32-x86_64\bin\verify.dll
0x00007ff81dd70000 - 0x00007ff81ddb5000 	C:\Users\Nice\AppData\Roaming\Code\User\globalStorage\redhat.java\1.35.2024090508\config_ss_win\org.eclipse.equinox.launcher\org.eclipse.equinox.launcher.win32.win32.x86_64_1.2.1100.v20240722-2106\eclipse_11904.dll
0x00007ff834dd0000 - 0x00007ff834efb000 	C:\WINDOWS\System32\ole32.dll
0x00007ff833c80000 - 0x00007ff833c98000 	C:\WINDOWS\SYSTEM32\CRYPTSP.dll
0x00007ff8333b0000 - 0x00007ff8333e4000 	C:\WINDOWS\system32\rsaenh.dll
0x00007ff8342c0000 - 0x00007ff8342ee000 	C:\WINDOWS\SYSTEM32\USERENV.dll
0x00007ff833ca0000 - 0x00007ff833cac000 	C:\WINDOWS\SYSTEM32\CRYPTBASE.dll
0x00007ff833770000 - 0x00007ff8337ab000 	C:\WINDOWS\SYSTEM32\IPHLPAPI.DLL
0x00007ff835f80000 - 0x00007ff835f88000 	C:\WINDOWS\System32\NSI.dll
0x00007ff82b640000 - 0x00007ff82b657000 	C:\WINDOWS\SYSTEM32\dhcpcsvc6.DLL
0x00007ff82cbd0000 - 0x00007ff82cbed000 	C:\WINDOWS\SYSTEM32\dhcpcsvc.DLL
0x00007ff8337b0000 - 0x00007ff83387a000 	C:\WINDOWS\SYSTEM32\DNSAPI.dll
0x00007ff81b780000 - 0x00007ff81b7c5000 	C:\Users\Nice\AppData\Local\Temp\jna-2427773\jna4938508403974411960.dll
0x00007ff836400000 - 0x00007ff836408000 	C:\WINDOWS\System32\PSAPI.DLL

dbghelp: loaded successfully - version: 4.0.5 - missing functions: none
symbol engine: initialized successfully - sym options: 0x614 - pdb path: .;c:\Users\Nice\.vscode\extensions\redhat.java-1.35.2024090508-win32-x64\jre\17.0.12-win32-x86_64\bin;C:\WINDOWS\SYSTEM32;C:\WINDOWS\WinSxS\amd64_microsoft.windows.common-controls_6595b64144ccf1df_6.0.19041.4355_none_60b8b9eb71f62e16;c:\Users\Nice\.vscode\extensions\redhat.java-1.35.2024090508-win32-x64\jre\17.0.12-win32-x86_64\bin\server;C:\Users\Nice\AppData\Roaming\Code\User\globalStorage\redhat.java\1.35.2024090508\config_ss_win\org.eclipse.equinox.launcher\org.eclipse.equinox.launcher.win32.win32.x86_64_1.2.1100.v20240722-2106;C:\Users\Nice\AppData\Local\Temp\jna-2427773

VM Arguments:
jvm_args: --add-modules=ALL-SYSTEM --add-opens=java.base/java.util=ALL-UNNAMED --add-opens=java.base/java.lang=ALL-UNNAMED --add-opens=java.base/sun.nio.fs=ALL-UNNAMED -Declipse.application=org.eclipse.jdt.ls.core.id1 -Dosgi.bundles.defaultStartLevel=4 -Declipse.product=org.eclipse.jdt.ls.core.product -Djava.import.generatesMetadataFilesAtProjectRoot=false -DDetectVMInstallationsJob.disabled=true -Dfile.encoding=utf8 -XX:+UseParallelGC -XX:GCTimeRatio=4 -XX:AdaptiveSizePolicyWeight=90 -Dsun.zip.disableMemoryMapping=true -Xmx1G -Xms100m -Xlog:disable -javaagent:c:\Users\Nice\.vscode\extensions\redhat.java-1.35.2024090508-win32-x64\lombok\lombok-1.18.33.jar 
java_command: c:\Users\Nice\.vscode\extensions\redhat.java-1.35.2024090508-win32-x64\server\plugins\org.eclipse.equinox.launcher_1.6.900.v20240613-2009.jar -configuration c:\Users\Nice\AppData\Roaming\Code\User\globalStorage\redhat.java\1.35.2024090508\config_ss_win -data c:\Users\Nice\AppData\Roaming\Code\User\workspaceStorage\bd0b5137b29bd9296911e6e082aeb01e\redhat.java\ss_ws --pipe=\\.\pipe\lsp-95e1ca7f066ac1dd754ab47126843c72-sock
java_class_path (initial): c:\Users\Nice\.vscode\extensions\redhat.java-1.35.2024090508-win32-x64\server\plugins\org.eclipse.equinox.launcher_1.6.900.v20240613-2009.jar
Launcher Type: SUN_STANDARD

[Global flags]
    uintx AdaptiveSizePolicyWeight                 = 90                                        {product} {command line}
     intx CICompilerCount                          = 3                                         {product} {ergonomic}
    uintx GCTimeRatio                              = 4                                         {product} {command line}
   size_t InitialHeapSize                          = 104857600                                 {product} {command line}
   size_t MaxHeapSize                              = 1073741824                                {product} {command line}
   size_t MaxNewSize                               = 357564416                                 {product} {ergonomic}
   size_t MinHeapDeltaBytes                        = 524288                                    {product} {ergonomic}
   size_t MinHeapSize                              = 104857600                                 {product} {command line}
   size_t NewSize                                  = 34603008                                  {product} {ergonomic}
    uintx NonNMethodCodeHeapSize                   = 5832780                                {pd product} {ergonomic}
    uintx NonProfiledCodeHeapSize                  = 122912730                              {pd product} {ergonomic}
   size_t OldSize                                  = 70254592                                  {product} {ergonomic}
    uintx ProfiledCodeHeapSize                     = 122912730                              {pd product} {ergonomic}
    uintx ReservedCodeCacheSize                    = 251658240                              {pd product} {ergonomic}
     bool SegmentedCodeCache                       = true                                      {product} {ergonomic}
   size_t SoftMaxHeapSize                          = 1073741824                             {manageable} {ergonomic}
     bool UseCompressedClassPointers               = true                           {product lp64_product} {ergonomic}
     bool UseCompressedOops                        = true                           {product lp64_product} {ergonomic}
     bool UseLargePagesIndividualAllocation        = false                                  {pd product} {ergonomic}
     bool UseParallelGC                            = true                                      {product} {command line}

Logging:
Log output configuration:
 #0: stdout all=off uptime,level,tags
 #1: stderr all=off uptime,level,tags

Environment Variables:
PATH=C:\Program Files\Common Files\Oracle\Java\javapath;C:\WINDOWS\system32;C:\WINDOWS;C:\WINDOWS\System32\Wbem;C:\WINDOWS\System32\WindowsPowerShell\v1.0\;C:\WINDOWS\System32\OpenSSH\;C:\Users\Nice\Downloads\apache-maven-3.9.8\bin;F:\Git\cmd;C:\Program Files\MySQL\MySQL Shell 8.0\bin\;C:\Users\Nice\AppData\Local\Microsoft\WindowsApps;C:\Users\Nice\AppData\Local\Programs\Microsoft VS Code\bin;
USERNAME=Nice
OS=Windows_NT
PROCESSOR_IDENTIFIER=Intel64 Family 6 Model 58 Stepping 9, GenuineIntel
TMP=C:\Users\Nice\AppData\Local\Temp
TEMP=C:\Users\Nice\AppData\Local\Temp



Periodic native trim disabled


---------------  S Y S T E M  ---------------

OS:
 Windows 10 , 64 bit Build 19041 (10.0.19041.4717)
OS uptime: 2 days 14:05 hours

CPU: total 4 (initial active 4) (2 cores per cpu, 2 threads per core) family 6 model 58 stepping 9 microcode 0x21, cx8, cmov, fxsr, ht, mmx, sse, sse2, sse3, ssse3, sse4.1, sse4.2, popcnt, tsc, tscinvbit, avx, erms, clmul, vzeroupper, clflush
Processor Information for all 4 processors :
  Max Mhz: 2400, Current Mhz: 2400, Mhz Limit: 2400

Memory: 4k page, system-wide physical 6044M (1213M free)
TotalPageFile size 6044M (AvailPageFile size 3M)
current process WorkingSet (physical memory assigned to process): 144M, peak: 149M
current process commit charge ("private bytes"): 242M, peak: 245M

vm_info: OpenJDK 64-Bit Server VM (17.0.12+7) for windows-amd64 JRE (17.0.12+7), built on Jul 16 2024 22:08:24 by "admin" with MS VC++ 16.10 / 16.11 (VS2019)

END.
